
       ==============================================
       |                                            |
       |                 C R E S T                  |
       |                                            |
       |  Conformer-Rotamer Ensemble Sampling Tool  |
       |          based on the GFN methods          |
       |             P.Pracht, S.Grimme             |
       |          Universitaet Bonn, MCTC           |
       ==============================================
       Version 2.11.2, Fr 17. Dec 12:10:44 CEST 2021
  Using the xTB program. Compatible with xTB version 6.4.0

   Cite work conducted with this code as

   P. Pracht, F. Bohle, S. Grimme, PCCP, 2020, 22, 7169-7192.

   and  S. Grimme, JCTC, 2019, 15, 2847-2862.

   with help from:
   C.Bannwarth, F.Bohle, S.Ehlert, S.Grimme,
   C. Plett, P.Pracht, S. Spicher

   This program is distributed in the hope that it will be useful,
   but WITHOUT ANY WARRANTY; without even the implied warranty of
   MERCHANTABILITY or FITNESS FOR A PARTICULAR PURPOSE.

 Command line input:
 > crest coords.xyz -T 32 --v3 --gfn2 --alpb chcl3 --rthr 1.2 --ethr 0.05 --quick

  --v3 : iMTD-GC
  -T 32 (CPUs/Threads selected)
  -gfn2 : Use of GFN2-xTB requested.
  --alpb chcl3 : implicit solvation
  --rthr 1.2
  --ethr 0.05

 -------------------------
 xTB Geometry Optimization
 -------------------------
 Geometry successfully optimized.

------------------------------------------------
Generating MTD length from a flexibility measure
------------------------------------------------
 Calculating WBOs... done.
 Calculating NCI flexibility... done.
     covalent flexibility measure :   0.085
 non-covalent flexibility measure :   0.643
 flexibility measure :   0.136
 t(MTD) / ps    :     5.0
 Σ(t(MTD)) / ps :    30.0 (6 MTDs)

-------------------------------------
Starting a trial MTD to test settings
-------------------------------------
 Estimated runtime for one MTD (5.0 ps) on a single thread: 103 h 49 min 13 sec
 Estimated runtime for a batch of 6 MTDs on 32 threads: 20 h 45 min 51 sec

 list of Vbias parameters applied:
$metadyn    0.00200   1.200
$metadyn    0.00100   1.200
$metadyn    0.00200   0.600
$metadyn    0.00100   0.600
$metadyn    0.00200   0.300
$metadyn    0.00100   0.300

*******************************************************************************************
**                        N E W    I T E R A T I O N    C Y C L E                        **
*******************************************************************************************

========================================
            MTD Iteration  1
========================================

     ========================================
     |         Meta-MD (MTD) Sampling       |
     ========================================

Starting Meta-MD   1 with the settings:
     MD time /ps        :     5.0
     dt /fs             :     1.5
     dumpstep(trj) /fs  :     100
     dumpstep(Vbias)/ps :     1.0
     Vbias factor k /Eh :  0.1920
     Vbias exp α /bohr⁻²:    1.20
Starting Meta-MD   5 with the settings:
     MD time /ps        :     5.0
     dt /fs             :     1.5
     dumpstep(trj) /fs  :     100
     dumpstep(Vbias)/ps :     1.0
     Vbias factor k /Eh :  0.1920
     Vbias exp α /bohr⁻²:    0.30
Starting Meta-MD   6 with the settings:
     MD time /ps        :     5.0
     dt /fs             :     1.5
     dumpstep(trj) /fs  :     100
     dumpstep(Vbias)/ps :     1.0
     Vbias factor k /Eh :  0.0960
     Vbias exp α /bohr⁻²:    0.30
Starting Meta-MD   4 with the settings:
     MD time /ps        :     5.0
     dt /fs             :     1.5
     dumpstep(trj) /fs  :     100
     dumpstep(Vbias)/ps :     1.0
     Vbias factor k /Eh :  0.0960
     Vbias exp α /bohr⁻²:    0.60
Starting Meta-MD   3 with the settings:
     MD time /ps        :     5.0
     dt /fs             :     1.5
     dumpstep(trj) /fs  :     100
     dumpstep(Vbias)/ps :     1.0
     Vbias factor k /Eh :  0.1920
     Vbias exp α /bohr⁻²:    0.60
Starting Meta-MD   2 with the settings:
     MD time /ps        :     5.0
     dt /fs             :     1.5
     dumpstep(trj) /fs  :     100
     dumpstep(Vbias)/ps :     1.0
     Vbias factor k /Eh :  0.0960
     Vbias exp α /bohr⁻²:    1.20
*Meta-MTD 3 finished*
*Meta-MTD 6 finished*
*Meta-MTD 5 finished*
*Meta-MTD 2 finished*
*Meta-MTD 1 finished*
*Meta-MTD 4 finished*

-----------------------
Multilevel Optimization
-----------------------

 -------------------------
 1. crude pre-optimization
 -------------------------
 Optimizing all 300 structures from file "crest_rotamers_0.xyz" ...
 1 2 3 4 5 6 7 8 9 10 11 12 13 14 15 16 17 18 19 20 21 22 23 24 25 26 27 28 29 30 31 32 33 34 35 36 37 38 39 40 41 42 43 44 45 46 47 48 49 50 51 52 53 54 55 56 57 58 59 60 61 62 63 64 65 66 67 68 69 70 71 72 73 74 75 76 77 78 79 80 81 82 83 84 85 86 87 88 89 90 91 92 93 94 95 96 97 98 99 100 101 102 103 104 105 106 107 108 109 110 111 112 113 114 115 116 117 118 119 120 121 122 123 124 125 126 127 128 129 130 131 132 133 134 135 136 137 138 139 140 141 142 143 144 145 146 147 148 149 150 151 152 153 154 155 156 157 158 159 160 161 162 163 164 165 166 167 168 169 170 171 172 173 174 175 176 177 178 179 180 181 182 183 184 185 186 187 188 189 190 191 192 193 194 195 196 197 198 199 200 201 202 203 204 205 206 207 208 209 210 211 212 213 214 215 216 217 218 219 220 221 222 223 224 225 226 227 228 229 230 231 232 233 234 235 236 237 238 239 240 241 242 243 244 245 246 247 248 249 250 251 252 253 254 255 256 257 258 259 260 261 262 263 264 265 266 267 268 269 270 271 272 273 274 275 276 277 278 279 280 281 282 283 284 285 286 287 288 289 290 291 292 293 294 295 296 297 298 299 300
 done.
 running RMSDs...
 done.
 E lowest :  -142.74488
 50 structures remain within    10.00 kcal/mol window

 -------------------------------------
 2. optimization with tight thresholds
 -------------------------------------
 Optimizing all 51 structures from file "crest_rotamers_1.xyz" ...
 1 2 3 4 5 6 7 8 9 10 11 12 13 14 15 16 17 18 19 20 21 22 23 24 25 26 27 28 29 30 31 32 33 34 35 36 37 38 39 40 41 42 43 44 45 46 47 48 49 50 51
 done.
 running RMSDs...
 done.
 E lowest :  -142.74729
 11 structures remain within     5.00 kcal/mol window


========================================
            MTD Iteration  2
========================================

     ========================================
     |         Meta-MD (MTD) Sampling       |
     ========================================

Starting Meta-MD   4 with the settings:
     MD time /ps        :     5.0
     dt /fs             :     1.5
     dumpstep(trj) /fs  :     100
     dumpstep(Vbias)/ps :     1.0
     Vbias factor k /Eh :  0.0960
     Vbias exp α /bohr⁻²:    0.60
Starting Meta-MD   1 with the settings:
     MD time /ps        :     5.0
     dt /fs             :     1.5
     dumpstep(trj) /fs  :     100
     dumpstep(Vbias)/ps :     1.0
     Vbias factor k /Eh :  0.1920
     Vbias exp α /bohr⁻²:    1.20
Starting Meta-MD   2 with the settings:
     MD time /ps        :     5.0
     dt /fs             :     1.5
     dumpstep(trj) /fs  :     100
     dumpstep(Vbias)/ps :     1.0
     Vbias factor k /Eh :  0.0960
     Vbias exp α /bohr⁻²:    1.20
Starting Meta-MD   3 with the settings:
     MD time /ps        :     5.0
     dt /fs             :     1.5
     dumpstep(trj) /fs  :     100
     dumpstep(Vbias)/ps :     1.0
     Vbias factor k /Eh :  0.1920
     Vbias exp α /bohr⁻²:    0.60
*Meta-MTD 1 finished*
*Meta-MTD 4 finished*
*Meta-MTD 3 finished*
*Meta-MTD 2 finished*

-----------------------
Multilevel Optimization
-----------------------

 -------------------------
 1. crude pre-optimization
 -------------------------
 Optimizing all 200 structures from file "crest_rotamers_0.xyz" ...
 1 2 3 4 5 6 7 8 9 10 11 12 13 14 15 16 17 18 19 20 21 22 23 24 25 26 27 28 29 30 31 32 33 34 35 36 37 38 39 40 41 42 43 44 45 46 47 48 49 50 51 52 53 54 55 56 57 58 59 60 61 62 63 64 65 66 67 68 69 70 71 72 73 74 75 76 77 78 79 80 81 82 83 84 85 86 87 88 89 90 91 92 93 94 95 96 97 98 99 100 101 102 103 104 105 106 107 108 109 110 111 112 113 114 115 116 117 118 119 120 121 122 123 124 125 126 127 128 129 130 131 132 133 134 135 136 137 138 139 140 141 142 143 144 145 146 147 148 149 150 151 152 153 154 155 156 157 158 159 160 161 162 163 164 165 166 167 168 169 170 171 172 173 174 175 176 177 178 179 180 181 182 183 184 185 186 187 188 189 190 191 192 193 194 195 196 197 198 199 200
 done.
 running RMSDs...
 done.
 E lowest :  -142.74694
 60 structures remain within    10.00 kcal/mol window

 -------------------------------------
 2. optimization with tight thresholds
 -------------------------------------
 Optimizing all 61 structures from file "crest_rotamers_1.xyz" ...
 1 2 3 4 5 6 7 8 9 10 11 12 13 14 15 16 17 18 19 20 21 22 23 24 25 26 27 28 29 30 31 32 33 34 35 36 37 38 39 40 41 42 43 44 45 46 47 48 49 50 51 52 53 54 55 56 57 58 59 60 61
 done.
 running RMSDs...
 done.
 E lowest :  -142.75145
 6 structures remain within     5.00 kcal/mol window

 ...............................................
 A new lower conformer was found!
 Improved by    0.00416 Eh or    2.60746kcal/mol
 ...............................................

========================================
            MTD Iteration  3
========================================

     ========================================
     |         Meta-MD (MTD) Sampling       |
     ========================================

Starting Meta-MD   4 with the settings:
     MD time /ps        :     5.0
     dt /fs             :     1.5
     dumpstep(trj) /fs  :     100
     dumpstep(Vbias)/ps :     1.0
     Vbias factor k /Eh :  0.0960
     Vbias exp α /bohr⁻²:    0.60
Starting Meta-MD   1 with the settings:
     MD time /ps        :     5.0
     dt /fs             :     1.5
     dumpstep(trj) /fs  :     100
     dumpstep(Vbias)/ps :     1.0
     Vbias factor k /Eh :  0.1920
     Vbias exp α /bohr⁻²:    1.20
Starting Meta-MD   2 with the settings:
     MD time /ps        :     5.0
     dt /fs             :     1.5
     dumpstep(trj) /fs  :     100
     dumpstep(Vbias)/ps :     1.0
     Vbias factor k /Eh :  0.0960
     Vbias exp α /bohr⁻²:    1.20
Starting Meta-MD   3 with the settings:
     MD time /ps        :     5.0
     dt /fs             :     1.5
     dumpstep(trj) /fs  :     100
     dumpstep(Vbias)/ps :     1.0
     Vbias factor k /Eh :  0.1920
     Vbias exp α /bohr⁻²:    0.60
*Meta-MTD 4 finished*
*Meta-MTD 3 finished*
*Meta-MTD 2 finished*
*Meta-MTD 1 finished*

-----------------------
Multilevel Optimization
-----------------------

 -------------------------
 1. crude pre-optimization
 -------------------------
 Optimizing all 200 structures from file "crest_rotamers_0.xyz" ...
 1 2 3 4 5 6 7 8 9 10 11 12 13 14 15 16 17 18 19 20 21 22 23 24 25 26 27 28 29 30 31 32 33 34 35 36 37 38 39 40 41 42 43 44 45 46 47 48 49 50 51 52 53 54 55 56 57 58 59 60 61 62 63 64 65 66 67 68 69 70 71 72 73 74 75 76 77 78 79 80 81 82 83 84 85 86 87 88 89 90 91 92 93 94 95 96 97 98 99 100 101 102 103 104 105 106 107 108 109 110 111 112 113 114 115 116 117 118 119 120 121 122 123 124 125 126 127 128 129 130 131 132 133 134 135 136 137 138 139 140 141 142 143 144 145 146 147 148 149 150 151 152 153 154 155 156 157 158 159 160 161 162 163 164 165 166 167 168 169 170 171 172 173 174 175 176 177 178 179 180 181 182 183 184 185 186 187 188 189 190 191 192 193 194 195 196 197 198 199 200
 done.
 running RMSDs...
 done.
 E lowest :  -142.75062
 50 structures remain within    10.00 kcal/mol window

 -------------------------------------
 2. optimization with tight thresholds
 -------------------------------------
 Optimizing all 51 structures from file "crest_rotamers_1.xyz" ...
 1 2 3 4 5 6 7 8 9 10 11 12 13 14 15 16 17 18 19 20 21 22 23 24 25 26 27 28 29 30 31 32 33 34 35 36 37 38 39 40 41 42 43 44 45 46 47 48 49 50 51
 done.
 running RMSDs...
 done.
 E lowest :  -142.75145
 7 structures remain within     5.00 kcal/mol window

========================================
            MTD Iterations done         
========================================
 Collecting ensmbles.
 running RMSDs...
 done.
 E lowest :  -142.75145
 16 structures remain within     5.00 kcal/mol window

-----------------------------------------------
Additional regular MDs on lowest 2 conformer(s)
-----------------------------------------------
Starting MD   4 with the settings:
     MD time /ps        :     2.5
     MD Temperature /K  :   500.0
     dt /fs             :     1.5
     dumpstep(trj) /fs  :     100
Starting MD   1 with the settings:
     MD time /ps        :     2.5
     MD Temperature /K  :   400.0
     dt /fs             :     1.5
     dumpstep(trj) /fs  :     100
Starting MD   2 with the settings:
     MD time /ps        :     2.5
     MD Temperature /K  :   500.0
     dt /fs             :     1.5
     dumpstep(trj) /fs  :     100
Starting MD   3 with the settings:
     MD time /ps        :     2.5
     MD Temperature /K  :   400.0
     dt /fs             :     1.5
     dumpstep(trj) /fs  :     100
*MD 3 finished*
*MD 4 finished*
*MD 2 finished*
*MD 1 finished*
 Appending file crest_rotamers_1.xyz with new structures

 -------------------------------------------
 Ensemble optimization with tight thresholds
 -------------------------------------------
 Optimizing all 116 structures from file "crest_rotamers_1.xyz" ...
 1 2 3 4 5 6 7 8 9 10 11 12 13 14 15 16 17 18 19 20 21 22 23 24 25 26 27 28 29 30 31 32 33 34 35 36 37 38 39 40 41 42 43 44 45 46 47 48 49 50 51 52 53 54 55 56 57 58 59 60 61 62 63 64 65 66 67 68 69 70 71 72 73 74 75 76 77 78 79 80 81 82 83 84 85 86 87 88 89 90 91 92 93 94 95 96 97 98 99 100 101 102 103 104 105 106 107 108 109 110 111 112 113 114 115 116
 done.
 running RMSDs...
 done.
 E lowest :  -142.75145
 16 structures remain within     5.00 kcal/mol window


     ========================================
     |        Structure Crossing (GC)       |
     ========================================
 =============================
  # threads =          32
 =============================
 input  file name : crest_rotamers_3.xyz
number of atoms                :    96
number of points on xyz files  :    16
conformer energy window  /kcal :    5.00
CN per atom difference cut-off :  0.3000
RMSD threshold                 :  2.4000
max. # of generated structures : 125
 reading xyz file ...
 # in E window                 16
 generating pairs ...         135
 number of clash discarded :         120
 No new structures from GC.
 running RMSDs...
 done.
 E lowest :  -142.75145


   ================================================
   |           Final Geometry Optimization        |
   ================================================
 -------------------------------------------
 Ensemble optimization with tight thresholds
 -------------------------------------------
 Optimizing all 16 structures from file "crest_rotamers_4.xyz" ...
 1 2 3 4 5 6 7 8 9 10 11 12 13 14 15 16
 done.
 running RMSDs...
 done.
 E lowest :  -142.75145
 16 structures remain within     5.00 kcal/mol window

 input  file name : crest_rotamers_5.xyz
 output file name : crest_rotamers_6.xyz
 number of atoms                :   96
 number of points on xyz files  :   16
 RMSD threshold                 :   1.2000
 Bconst threshold               :   0.0100
 population threshold           :   0.0500
 conformer energy window  /kcal :   5.0000
 # fragment in coord            :     1
 # bonds in reference structure :   102
   => # of C=C bonds :     4
 number of reliable points      :    16
 reference state Etot :  -142.75144846000001
 number of doubles removed by rot/RMSD         :           0
 total number unique points considered further :          16
       Erel/kcal        Etot weight/tot  conformer     set   degen     origin
       1   0.000  -142.75145    0.55669    0.55669       1       1     md4
       2   0.187  -142.75115    0.40602    0.40602       2       1     mtd4
       3   2.512  -142.74744    0.00805    0.00805       3       1     mtd4
       4   2.579  -142.74734    0.00719    0.00719       4       1     mtd4
       5   2.729  -142.74710    0.00558    0.00558       5       1     mtd2
       6   2.775  -142.74703    0.00516    0.00516       6       1     mtd4
       7   2.943  -142.74676    0.00389    0.00389       7       1     mtd2
       8   3.235  -142.74629    0.00238    0.00238       8       1     mtd2
       9   3.363  -142.74609    0.00192    0.00192       9       1     mtd3
      10   3.804  -142.74539    0.00091    0.00091      10       1     mtd3
      11   3.950  -142.74515    0.00071    0.00071      11       1     mtd3
      12   4.305  -142.74459    0.00039    0.00039      12       1     mtd4
      13   4.413  -142.74442    0.00033    0.00033      13       1     mtd1
      14   4.537  -142.74422    0.00026    0.00026      14       1     mtd1
      15   4.541  -142.74421    0.00026    0.00026      15       1     mtd6
      16   4.587  -142.74414    0.00024    0.00024      16       1     mtd3
T /K                                  :   298.15
E lowest                              :  -142.75145
ensemble average energy (kcal)        :    0.183
ensemble entropy (J/mol K, cal/mol K) :    7.434    1.777
ensemble free energy (kcal/mol)       :   -0.530
population of lowest in %             :   55.669
 number of unique conformers for further calc           16
 list of relative energies saved as "crest.energies"

 -----------------
 Wall Time Summary
 -----------------
             test MD wall time :         0h : 1m :51s
                 MTD wall time :         1h :31m : 7s
      multilevel OPT wall time :         0h :12m :20s
                  MD wall time :         0h :19m : 9s
                  GC wall time :         0h : 0m : 0s
--------------------
Overall wall time  : 2h : 4m :29s

 CREST terminated normally.
